2025-06-12 13:21:39,747 - discord.client - WARNING - PyNaCl is not installed, voice will NOT be supported
2025-06-12 13:21:39,749 - __main__ - INFO - Starting bot...
2025-06-12 13:21:39,749 - discord.client - INFO - logging in using static token
2025-06-12 13:21:39,763 - werkzeug - INFO - [31m[1mWARNING: This is a development server. Do not use it in a production deployment. Use a production WSGI server instead.[0m
 * Running on all addresses (0.0.0.0)
 * Running on http://127.0.0.1:6050
 * Running on http://192.168.86.26:6050
2025-06-12 13:21:39,764 - werkzeug - INFO - [33mPress CTRL+C to quit[0m
2025-06-12 13:21:48,169 - bot - INFO - Setup hook started
2025-06-12 13:21:48,222 - cogs.r6 - INFO - R6Cog loaded and commands synced
2025-06-12 13:21:48,222 - bot - INFO - Loaded extension: cogs.r6
2025-06-12 13:21:48,309 - bot - INFO - Loaded extension: cogs.minecraft
2025-06-12 13:21:48,311 - bot - INFO - Loaded extension: cogs.warframe
2025-06-12 13:21:48,315 - cogs.fun - INFO - Loaded 1 trivia scores
2025-06-12 13:21:48,315 - bot - INFO - Loaded extension: cogs.fun
2025-06-12 13:21:48,318 - bot - INFO - Loaded extension: cogs.alerts
2025-06-12 13:21:48,322 - bot - INFO - Loaded extension: cogs.alert_cmd
2025-06-12 13:21:48,325 - cogs.core - INFO - CoreCog loading: creating aiohttp ClientSession
2025-06-12 13:21:48,325 - bot - INFO - Loaded extension: cogs.core
2025-06-12 13:21:48,327 - bot - ERROR - Failed to load extension cogs.error_handler: Extension 'cogs.error_handler' raised an error: ModuleNotFoundError: No module named 'psutil'
2025-06-12 13:21:48,327 - bot - ERROR - Failed to load extension cogs.ownercogs.frost: No module named 'cogs.ownercogs'
2025-06-12 13:21:48,327 - bot - INFO - Force Syncing commands globally...
2025-06-12 13:21:48,493 - bot - INFO - ✅ Commands synced globally
2025-06-12 13:21:48,780 - discord.gateway - INFO - Shard ID None has connected to Gateway (Session ID: 225b122e5c52ee11832ed4c75cb5ffc3).
2025-06-12 13:21:48,780 - bot - INFO - Connected to Discord
2025-06-12 13:21:50,822 - bot - INFO - Logged in as JägerBot#6929 (ID: 1376008090968657990)
2025-06-12 13:22:00,943 - bot - WARNING - No commands registered, attempting force sync...
2025-06-12 13:22:00,944 - bot - INFO - Force Syncing commands globally...
2025-06-12 13:22:30,829 - bot - WARNING - Fetch attempt 1 timed out...
2025-06-12 13:22:36,011 - bot - WARNING - No commands registered, attempting force sync...
2025-06-12 13:22:36,012 - bot - INFO - Force Syncing commands globally...
2025-06-12 13:23:05,837 - bot - WARNING - Fetch attempt 2 timed out...
2025-06-12 13:23:16,242 - bot - WARNING - No commands registered, attempting force sync...
2025-06-12 13:23:16,242 - bot - INFO - Force Syncing commands globally...
2025-06-12 13:23:16,455 - bot - INFO - ✅ Commands synced globally
